<?xml version="1.0" encoding="UTF-8"?>
<application xmlns="http://xmlns.jcp.org/xml/ns/javaee" xmlns:xsi="http://www.w3.org/2001/XMLSchema-instance" xsi:schemaLocation="http://xmlns.jcp.org/xml/ns/javaee http://xmlns.jcp.org/xml/ns/javaee/application_7.xsd" version="7">
  <display-name>platao-ear</display-name>
   <module>
    <web>
      <web-uri>platao-web-${project.version}.war</web-uri>
      <context-root>/platao</context-root>
    </web>
  </module>
  <module>
    <ejb>platao-ejb-${project.version}.jar</ejb>
  </module>
  <library-directory>lib</library-directory>
</application>